 performing Orthogonal Recursive Multisection
 # Nim names, recursion level, bisection direction
1       2       0       0       0       0       0       0                  1           3           2
11      2       12      13      14      0       0       0                  1           2           5           2
11      21      12      13      14      22      23      24                 1           2           8           3
11      21      12      13      14      22      23      24                 2           2           8           4
111     21      12      13      14      22      23      24                 2           3           8           5
111     211     12      13      14      22      23      24                 2           3           8           6
111     211     121     13      14      22      23      24                 2           3           8           7
111     211     121     131     14      22      23      24                 2           3           8           8
111     211     121     131     141     22      23      24                 2           3           8           9
111     211     121     131     141     221     23      24                 2           3           8          10
111     211     121     131     141     221     231     24                 2           3           8          11
 # Nim, Npts, Lx, Ly, Lz
           1         620   9.99990559       6.74901485       20.0000000    
           2         620   10.0000944       6.75145006       20.0000000    
           3         620   9.99990559       3.25154471       20.0000000    
           4         620   9.99990559       3.25307536       20.0000000    
           5         620   9.99990559       6.74636507       20.0000000    
           6         620   10.0000944       3.24847245       20.0000000    
           7         620   10.0000944       3.24927258       20.0000000    
           8         620   10.0000944       6.75080490       20.0000000    
 # Extents: Nim, dir, min, max
           1           1  -10.0000000      -9.39965248E-05
           1           2  -10.0000000      -3.25098515    
           1           3  -10.0000000       10.0000000    
           2           1  -9.39965248E-05   10.0000000    
           2           2  -10.0000000      -3.24854994    
           2           3  -10.0000000       10.0000000    
           3           1  -10.0000000      -9.39965248E-05
           3           2  -3.25098515       5.59501350E-04
           3           3  -10.0000000       10.0000000    
           4           1  -10.0000000      -9.39965248E-05
           4           2   5.59501350E-04   3.25363493    
           4           3  -10.0000000       10.0000000    
           5           1  -10.0000000      -9.39965248E-05
           5           2   3.25363493       10.0000000    
           5           3  -10.0000000       10.0000000    
           6           1  -9.39965248E-05   10.0000000    
           6           2  -3.24854994      -7.75009394E-05
           6           3  -10.0000000       10.0000000    
           7           1  -9.39965248E-05   10.0000000    
           7           2  -7.75009394E-05   3.24919510    
           7           3  -10.0000000       10.0000000    
           8           1  -9.39965248E-05   10.0000000    
           8           2   3.24919510       10.0000000    
           8           3  -10.0000000       10.0000000    
 # Nim, NumOfNeighCells, NeighCellID
           1           3           2           3           6
           2           3           1           3           6
           3           5           1           2           4           6           7
           4           5           3           5           6           7           8
           5           3           4           7           8
           6           5           1           2           3           4           7
           7           5           3           4           5           6           8
           8           3           4           5           7
 #reading fine resolution file: tube2.xyz
 # done counting particles in Cells and Ghost domains
           3 # NumPermutationsSendCells
 #PermID, Nsendcells, NptsInPerm, Permutation Pattern cells to be sent to
 1  0    240   0   0   0   0   0   0   0   0   0   0   0   0   0   0   0   0
 2  1    220   2   0   0   0   0   0   0   0   0   0   0   0   0   0   0   0
 3  1    160   1   0   0   0   0   0   0   0   0   0   0   0   0   0   0   0
 #NeiCellID, Ngetcells, NptsInPerm, Permutation Pattern IDs\nNpts to get
 1  1    160   2   0   0   0   0   0   0   0   0   0   0   0   0   0   0   0
 1  1      0 160   0   0   0   0   0   0   0   0   0   0   0   0   0   0   0
 2  1    180   3   0   0   0   0   0   0   0   0   0   0   0   0   0   0   0
 2  1      0 180   0   0   0   0   0   0   0   0   0   0   0   0   0   0   0
 3  0      0   0   0   0   0   0   0   0   0   0   0   0   0   0   0   0   0
 3  0      0   0   0   0   0   0   0   0   0   0   0   0   0   0   0   0   0
           3 # NumPermutationsSendCells
 #PermID, Nsendcells, NptsInPerm, Permutation Pattern cells to be sent to
 1  0    240   0   0   0   0   0   0   0   0   0   0   0   0   0   0   0   0
 2  1    160   1   0   0   0   0   0   0   0   0   0   0   0   0   0   0   0
 3  1    220   3   0   0   0   0   0   0   0   0   0   0   0   0   0   0   0
 #NeiCellID, Ngetcells, NptsInPerm, Permutation Pattern IDs\nNpts to get
 1  1    160   3   0   0   0   0   0   0   0   0   0   0   0   0   0   0   0
 1  1      0 160   0   0   0   0   0   0   0   0   0   0   0   0   0   0   0
 2  0      0   0   0   0   0   0   0   0   0   0   0   0   0   0   0   0   0
 2  0      0   0   0   0   0   0   0   0   0   0   0   0   0   0   0   0   0
 3  1    180   2   0   0   0   0   0   0   0   0   0   0   0   0   0   0   0
 3  1      0 180   0   0   0   0   0   0   0   0   0   0   0   0   0   0   0
           3 # NumPermutationsSendCells
 #PermID, Nsendcells, NptsInPerm, Permutation Pattern cells to be sent to
 1  0    280   0   0   0   0   0   0   0   0   0   0   0   0   0   0   0   0
 2  1    160   3   0   0   0   0   0   0   0   0   0   0   0   0   0   0   0
 3  1    180   1   0   0   0   0   0   0   0   0   0   0   0   0   0   0   0
 #NeiCellID, Ngetcells, NptsInPerm, Permutation Pattern IDs\nNpts to get
 1  1    220   2   0   0   0   0   0   0   0   0   0   0   0   0   0   0   0
 1  1      0 220   0   0   0   0   0   0   0   0   0   0   0   0   0   0   0
 2  0      0   0   0   0   0   0   0   0   0   0   0   0   0   0   0   0   0
 2  0      0   0   0   0   0   0   0   0   0   0   0   0   0   0   0   0   0
 3  1    160   2   0   0   0   0   0   0   0   0   0   0   0   0   0   0   0
 3  1      0 160   0   0   0   0   0   0   0   0   0   0   0   0   0   0   0
 4  0      0   0   0   0   0   0   0   0   0   0   0   0   0   0   0   0   0
 4  0      0   0   0   0   0   0   0   0   0   0   0   0   0   0   0   0   0
 5  0      0   0   0   0   0   0   0   0   0   0   0   0   0   0   0   0   0
 5  0      0   0   0   0   0   0   0   0   0   0   0   0   0   0   0   0   0
           3 # NumPermutationsSendCells
 #PermID, Nsendcells, NptsInPerm, Permutation Pattern cells to be sent to
 1  0    280   0   0   0   0   0   0   0   0   0   0   0   0   0   0   0   0
 2  1    160   1   0   0   0   0   0   0   0   0   0   0   0   0   0   0   0
 3  1    180   2   0   0   0   0   0   0   0   0   0   0   0   0   0   0   0
 #NeiCellID, Ngetcells, NptsInPerm, Permutation Pattern IDs\nNpts to get
 1  1    160   2   0   0   0   0   0   0   0   0   0   0   0   0   0   0   0
 1  1      0 160   0   0   0   0   0   0   0   0   0   0   0   0   0   0   0
 2  1    220   2   0   0   0   0   0   0   0   0   0   0   0   0   0   0   0
 2  1      0 220   0   0   0   0   0   0   0   0   0   0   0   0   0   0   0
 3  0      0   0   0   0   0   0   0   0   0   0   0   0   0   0   0   0   0
 3  0      0   0   0   0   0   0   0   0   0   0   0   0   0   0   0   0   0
 4  0      0   0   0   0   0   0   0   0   0   0   0   0   0   0   0   0   0
 4  0      0   0   0   0   0   0   0   0   0   0   0   0   0   0   0   0   0
 5  0      0   0   0   0   0   0   0   0   0   0   0   0   0   0   0   0   0
 5  0      0   0   0   0   0   0   0   0   0   0   0   0   0   0   0   0   0
           3 # NumPermutationsSendCells
 #PermID, Nsendcells, NptsInPerm, Permutation Pattern cells to be sent to
 1  0    240   0   0   0   0   0   0   0   0   0   0   0   0   0   0   0   0
 2  1    220   1   0   0   0   0   0   0   0   0   0   0   0   0   0   0   0
 3  1    160   3   0   0   0   0   0   0   0   0   0   0   0   0   0   0   0
 #NeiCellID, Ngetcells, NptsInPerm, Permutation Pattern IDs\nNpts to get
 1  1    180   3   0   0   0   0   0   0   0   0   0   0   0   0   0   0   0
 1  1      0 180   0   0   0   0   0   0   0   0   0   0   0   0   0   0   0
 2  0      0   0   0   0   0   0   0   0   0   0   0   0   0   0   0   0   0
 2  0      0   0   0   0   0   0   0   0   0   0   0   0   0   0   0   0   0
 3  1    160   2   0   0   0   0   0   0   0   0   0   0   0   0   0   0   0
 3  1      0 160   0   0   0   0   0   0   0   0   0   0   0   0   0   0   0
           3 # NumPermutationsSendCells
 #PermID, Nsendcells, NptsInPerm, Permutation Pattern cells to be sent to
 1  0    280   0   0   0   0   0   0   0   0   0   0   0   0   0   0   0   0
 2  1    180   2   0   0   0   0   0   0   0   0   0   0   0   0   0   0   0
 3  1    160   5   0   0   0   0   0   0   0   0   0   0   0   0   0   0   0
 #NeiCellID, Ngetcells, NptsInPerm, Permutation Pattern IDs\nNpts to get
 1  0      0   0   0   0   0   0   0   0   0   0   0   0   0   0   0   0   0
 1  0      0   0   0   0   0   0   0   0   0   0   0   0   0   0   0   0   0
 2  1    220   3   0   0   0   0   0   0   0   0   0   0   0   0   0   0   0
 2  1      0 220   0   0   0   0   0   0   0   0   0   0   0   0   0   0   0
 3  0      0   0   0   0   0   0   0   0   0   0   0   0   0   0   0   0   0
 3  0      0   0   0   0   0   0   0   0   0   0   0   0   0   0   0   0   0
 4  0      0   0   0   0   0   0   0   0   0   0   0   0   0   0   0   0   0
 4  0      0   0   0   0   0   0   0   0   0   0   0   0   0   0   0   0   0
 5  1    160   3   0   0   0   0   0   0   0   0   0   0   0   0   0   0   0
 5  1      0 160   0   0   0   0   0   0   0   0   0   0   0   0   0   0   0
           3 # NumPermutationsSendCells
 #PermID, Nsendcells, NptsInPerm, Permutation Pattern cells to be sent to
 1  0    280   0   0   0   0   0   0   0   0   0   0   0   0   0   0   0   0
 2  1    180   5   0   0   0   0   0   0   0   0   0   0   0   0   0   0   0
 3  1    160   4   0   0   0   0   0   0   0   0   0   0   0   0   0   0   0
 #NeiCellID, Ngetcells, NptsInPerm, Permutation Pattern IDs\nNpts to get
 1  0      0   0   0   0   0   0   0   0   0   0   0   0   0   0   0   0   0
 1  0      0   0   0   0   0   0   0   0   0   0   0   0   0   0   0   0   0
 2  0      0   0   0   0   0   0   0   0   0   0   0   0   0   0   0   0   0
 2  0      0   0   0   0   0   0   0   0   0   0   0   0   0   0   0   0   0
 3  0      0   0   0   0   0   0   0   0   0   0   0   0   0   0   0   0   0
 3  0      0   0   0   0   0   0   0   0   0   0   0   0   0   0   0   0   0
 4  1    160   3   0   0   0   0   0   0   0   0   0   0   0   0   0   0   0
 4  1      0 160   0   0   0   0   0   0   0   0   0   0   0   0   0   0   0
 5  1    220   3   0   0   0   0   0   0   0   0   0   0   0   0   0   0   0
 5  1      0 220   0   0   0   0   0   0   0   0   0   0   0   0   0   0   0
           3 # NumPermutationsSendCells
 #PermID, Nsendcells, NptsInPerm, Permutation Pattern cells to be sent to
 1  0    240   0   0   0   0   0   0   0   0   0   0   0   0   0   0   0   0
 2  1    160   2   0   0   0   0   0   0   0   0   0   0   0   0   0   0   0
 3  1    220   3   0   0   0   0   0   0   0   0   0   0   0   0   0   0   0
 #NeiCellID, Ngetcells, NptsInPerm, Permutation Pattern IDs\nNpts to get
 1  0      0   0   0   0   0   0   0   0   0   0   0   0   0   0   0   0   0
 1  0      0   0   0   0   0   0   0   0   0   0   0   0   0   0   0   0   0
 2  1    160   3   0   0   0   0   0   0   0   0   0   0   0   0   0   0   0
 2  1      0 160   0   0   0   0   0   0   0   0   0   0   0   0   0   0   0
 3  1    180   2   0   0   0   0   0   0   0   0   0   0   0   0   0   0   0
 3  1      0 180   0   0   0   0   0   0   0   0   0   0   0   0   0   0   0
